number,value,datetime_start,datetime_complete,duration,params_max_depth,params_max_features,params_min_samples_leaf,params_min_samples_split,params_n_estimators,state
0,0.06694779190332438,2026-08-03 12:47:32.188553,2026-08-03 12:48:56.239446,0 days 00:01:24.050893,3,0.5817072097778827,8,18,300,COMPLETE
1,0.19349135389204059,2026-08-03 12:48:56.242630,2026-08-03 12:50:38.665322,0 days 00:01:42.422692,16,0.8657652878692423,15,17,291,COMPLETE
2,0.17938957120074758,2026-08-03 12:50:38.668630,2026-08-03 12:51:59.904849,0 days 00:01:21.236219,16,0.38305969235916537,16,9,81,COMPLETE
3,0.26433210000071244,2026-08-03 12:51:59.909681,2026-08-03 12:53:23.098818,0 days 00:01:23.189137,15,0.20229213444393507,3,2,182,COMPLETE
4,0.2127281507786034,2026-08-03 12:53:23.102085,2026-08-03 12:54:46.101094,0 days 00:01:22.999009,12,0.6497978548201698,9,4,67,COMPLETE
5,0.2255364036595108,2026-08-03 12:54:46.104479,2026-08-03 12:56:11.080190,0 days 00:01:24.975711,12,0.7693611684887104,5,20,86,COMPLETE
6,0.2536335098565451,2026-08-03 12:56:11.083331,2026-08-03 12:57:41.929939,0 days 00:01:30.846608,14,0.44349399872519035,5,13,276,COMPLETE
7,0.13502676037741349,2026-08-03 12:57:41.933923,2026-08-03 12:59:02.647133,0 days 00:01:20.713210,10,0.10369109565780178,16,5,204,COMPLETE
8,0.2597897511869475,2026-08-03 12:59:02.651534,2026-08-03 13:00:26.492932,0 days 00:01:23.841398,16,0.9172859291633235,5,7,60,COMPLETE
9,0.1710738276565636,2026-08-03 13:00:26.497157,2026-08-03 13:01:55.381165,0 days 00:01:28.884008,20,0.4560312226113009,20,16,225,COMPLETE
10,0.08637249076629588,2026-08-03 13:01:55.385479,2026-08-03 13:03:16.958770,0 days 00:01:21.573291,6,0.10055284053748297,1,2,141,COMPLETE
11,0.24272880764268168,2026-08-03 13:03:16.961938,2026-08-03 13:04:49.119134,0 days 00:01:32.157196,19,0.9749176459409629,2,8,147,COMPLETE
12,0.27502947294027147,2026-08-03 13:04:49.124458,2026-08-03 13:06:08.536355,0 days 00:01:19.411897,17,0.2818682651785891,5,6,120,COMPLETE
13,0.21540312302496192,2026-08-03 13:06:08.539754,2026-08-03 13:07:29.819941,0 days 00:01:21.280187,18,0.3045087773150938,12,2,155,COMPLETE
14,0.17936446580577242,2026-08-03 13:07:29.823763,2026-08-03 13:08:48.512755,0 days 00:01:18.688992,9,0.25207916839659705,4,11,119,COMPLETE
15,0.22899798157921838,2026-08-03 13:08:48.517331,2026-08-03 13:10:07.102821,0 days 00:01:18.585490,14,0.22360557050483199,8,5,194,COMPLETE
16,0.26174901836780495,2026-08-03 13:10:07.106764,2026-08-03 13:11:24.836374,0 days 00:01:17.729610,17,0.20130213316671475,3,6,112,COMPLETE
17,0.2008910820033897,2026-08-03 13:11:24.840561,2026-08-03 13:12:48.289812,0 days 00:01:23.449251,14,0.35983805078106057,12,3,246,COMPLETE
18,0.26455954726737985,2026-08-03 13:12:48.293332,2026-08-03 13:14:15.783556,0 days 00:01:27.490224,20,0.5060835263016241,7,10,178,COMPLETE
19,0.2629496950082324,2026-08-03 13:14:15.787561,2026-08-03 13:15:39.818285,0 days 00:01:24.030724,20,0.5288101913129263,7,11,107,COMPLETE
20,0.2244357990015963,2026-08-03 13:15:39.821730,2026-08-03 13:17:10.429231,0 days 00:01:30.607501,18,0.6762951547178735,11,13,175,COMPLETE
21,0.2569305924877074,2026-08-03 13:17:10.433154,2026-08-03 13:18:32.777870,0 days 00:01:22.344716,15,0.17533388777449216,6,9,203,COMPLETE
22,0.2353473787801466,2026-08-03 13:18:32.781537,2026-08-03 13:19:57.452594,0 days 00:01:24.671057,18,0.2957965407165354,1,7,169,COMPLETE
23,0.2548431329211991,2026-08-03 13:19:57.456737,2026-08-03 13:21:22.941695,0 days 00:01:25.484958,20,0.49385598448314133,3,4,130,COMPLETE
24,0.23604769437162476,2026-08-03 13:21:22.945847,2026-08-03 13:22:46.803863,0 days 00:01:23.858016,17,0.37468690261548576,9,11,233,COMPLETE
25,0.23233519011561038,2026-08-03 13:22:46.807662,2026-08-03 13:24:04.915576,0 days 00:01:18.107914,13,0.17040572733002796,7,9,187,COMPLETE
26,0.211549888414434,2026-08-03 13:24:04.919253,2026-08-03 13:25:28.689250,0 days 00:01:23.769997,10,0.5903710073273156,3,13,160,COMPLETE
27,0.27037927557594366,2026-08-03 13:25:28.693648,2026-08-03 13:26:51.930107,0 days 00:01:23.236459,18,0.2782299770978792,6,6,219,COMPLETE
28,0.23487043275991287,2026-08-03 13:26:51.934348,2026-08-03 13:28:19.043867,0 days 00:01:27.109519,19,0.34221814620800706,10,7,256,COMPLETE
29,0.10137146910987724,2026-08-03 13:28:19.048125,2026-08-03 13:29:43.692388,0 days 00:01:24.644263,6,0.427042573872542,7,15,221,COMPLETE
30,0.2722714690232094,2026-08-03 13:29:43.696696,2026-08-03 13:31:10.409332,0 days 00:01:26.712636,19,0.2711795674238321,6,6,261,COMPLETE
31,0.27416931696926117,2026-08-03 13:31:10.413110,2026-08-03 13:32:35.631220,0 days 00:01:25.218110,19,0.27911970941748715,6,6,266,COMPLETE
32,0.27734313242258385,2026-08-03 13:32:35.635530,2026-08-03 13:34:05.362034,0 days 00:01:29.726504,17,0.27807074601561865,5,6,272,COMPLETE
33,0.2741232650260623,2026-08-03 13:34:05.371195,2026-08-03 13:35:41.469091,0 days 00:01:36.097896,17,0.320447687668983,4,5,298,COMPLETE
34,0.27027819217214544,2026-08-03 13:35:41.475509,2026-08-03 13:37:11.888590,0 days 00:01:30.413081,17,0.33623522400168593,4,5,295,COMPLETE
35,0.26920934054215456,2026-08-03 13:37:11.892986,2026-08-03 13:38:41.195678,0 days 00:01:29.302692,16,0.39320956717075106,4,4,282,COMPLETE
36,0.27751943572818705,2026-08-03 13:38:41.200389,2026-08-03 13:40:03.315240,0 days 00:01:22.114851,16,0.14346612258904198,2,8,270,COMPLETE
37,0.2675797851470599,2026-08-03 13:40:03.320066,2026-08-03 13:41:28.717171,0 days 00:01:25.397105,15,0.14142869155139084,2,7,270,COMPLETE
38,0.2571238717362897,2026-08-03 13:41:28.728490,2026-08-03 13:42:56.142263,0 days 00:01:27.413773,13,0.23465827414316265,2,8,242,COMPLETE
39,0.27384892299928537,2026-08-03 13:42:56.147294,2026-08-03 13:44:16.616781,0 days 00:01:20.469487,16,0.1586740093275273,5,9,93,COMPLETE
40,0.23660537120193453,2026-08-03 13:44:16.621432,2026-08-03 13:45:57.692823,0 days 00:01:41.071391,15,0.7618948237980823,9,8,263,COMPLETE
41,0.27524346021899987,2026-08-03 13:45:57.697062,2026-08-03 13:47:32.794039,0 days 00:01:35.096977,17,0.3116845934105023,4,4,295,COMPLETE
42,0.21706275831089764,2026-08-03 13:47:32.801424,2026-08-03 13:49:03.368171,0 days 00:01:30.566747,16,0.20596096176306394,1,3,280,COMPLETE
43,0.1703484085633646,2026-08-03 13:49:03.373925,2026-08-03 13:50:39.432792,0 days 00:01:36.058867,19,0.41409167190944457,20,3,288,COMPLETE
44,0.27163730260701435,2026-08-03 13:50:39.437035,2026-08-03 13:52:11.473806,0 days 00:01:32.036771,17,0.2595298737915814,5,6,274,COMPLETE
45,0.2854401879505873,2026-08-03 13:52:11.478416,2026-08-03 13:53:41.767615,0 days 00:01:30.289199,18,0.14871848526609954,3,4,249,COMPLETE
46,0.040231726994915167,2026-08-03 13:53:41.771701,2026-08-03 13:55:05.719968,0 days 00:01:23.948267,3,0.14665601140812792,2,4,246,COMPLETE
47,0.2872142347366714,2026-08-03 13:55:05.724193,2026-08-03 13:56:38.253965,0 days 00:01:32.529772,18,0.11145448107521726,3,2,254,COMPLETE
48,0.20750842818304632,2026-08-03 13:56:38.258504,2026-08-03 13:58:11.598700,0 days 00:01:33.340196,18,0.12415003140278214,1,2,251,COMPLETE
49,0.27713323210151175,2026-08-03 13:58:11.603705,2026-08-03 13:59:42.503119,0 days 00:01:30.899414,15,0.11022719860970719,3,3,287,COMPLETE
