number,value,datetime_start,datetime_complete,duration,params_colsample_bytree,params_learning_rate,params_max_depth,params_min_child_samples,params_n_estimators,params_num_leaves,params_reg_alpha,params_reg_lambda,params_subsample,state
48,0.3892578919273513,2026-04-09 09:38:52.817769,2026-04-09 09:39:19.673243,0 days 00:00:26.855474,0.539453806785728,0.02658951361431263,8,30,167,76,0.0009260784716000959,0.000556913517019509,0.8500967217713072,COMPLETE
49,0.3720416421827125,2026-04-09 09:38:57.219599,2026-04-09 09:39:15.045094,0 days 00:00:17.825495,0.6556486187578706,0.022256039177440824,4,33,169,77,0.0008728022767683923,0.001861815671169865,0.8897613031049492,COMPLETE
