number,value,datetime_start,datetime_complete,duration,params_alpha,params_colsample_bytree,params_lambda,params_learning_rate,params_max_depth,params_min_child_weight,params_n_estimators,params_subsample,state
49,0.3936820124627953,2026-04-09 09:43:07.754548,2026-04-09 09:43:18.579862,0 days 00:00:10.825314,0.00014178188728103134,0.7353071690467599,1.2512687159101582e-07,0.04788956391464558,4,3,192,0.7373100817826647,COMPLETE
